2015-03-15 06:07:39 Error: [PDOException] SQLSTATE[HY000] [2002] No connection could be made because the target machine actively refused it.

Stack Trace:
#0 C:\Users\David\ENIGMA\tt2.enigmait.ca\public_html\vendor\cakephp\cakephp\src\Database\Driver\PDODriverTrait.php(48): PDO->__construct('mysql:host=loca...', 'root', '1qaz2wsx', Array)
#1 C:\Users\David\ENIGMA\tt2.enigmait.ca\public_html\vendor\cakephp\cakephp\src\Database\Driver\Mysql.php(86): Cake\Database\Driver\Mysql->_connect('mysql:host=loca...', Array)
#2 C:\Users\David\ENIGMA\tt2.enigmait.ca\public_html\vendor\cakephp\cakephp\src\Database\Schema\BaseSchema.php(46): Cake\Database\Driver\Mysql->connect()
#3 C:\Users\David\ENIGMA\tt2.enigmait.ca\public_html\vendor\cakephp\cakephp\src\Database\Dialect\MysqlDialectTrait.php(62): Cake\Database\Schema\BaseSchema->__construct(Object(Cake\Database\Driver\Mysql))
#4 C:\Users\David\ENIGMA\tt2.enigmait.ca\public_html\vendor\cakephp\cakephp\src\Database\Schema\Collection.php(52): Cake\Database\Driver\Mysql->schemaDialect()
#5 C:\Users\David\ENIGMA\tt2.enigmait.ca\public_html\vendor\cakephp\cakephp\src\Database\Schema\CachedCollection.php(44): Cake\Database\Schema\Collection->__construct(Object(Cake\Database\Connection))
#6 C:\Users\David\ENIGMA\tt2.enigmait.ca\public_html\vendor\cakephp\cakephp\src\Database\Connection.php(319): Cake\Database\Schema\CachedCollection->__construct(Object(Cake\Database\Connection), true)
#7 C:\Users\David\ENIGMA\tt2.enigmait.ca\public_html\vendor\cakephp\bake\src\Shell\Task\ModelTask.php(759): Cake\Database\Connection->schemaCollection()
#8 C:\Users\David\ENIGMA\tt2.enigmait.ca\public_html\vendor\cakephp\bake\src\Shell\Task\ModelTask.php(735): Bake\Shell\Task\ModelTask->_getAllTables()
#9 C:\Users\David\ENIGMA\tt2.enigmait.ca\public_html\vendor\cakephp\bake\src\Shell\BakeShell.php(213): Bake\Shell\Task\ModelTask->listAll()
#10 [internal function]: Bake\Shell\BakeShell->all()
#11 C:\Users\David\ENIGMA\tt2.enigmait.ca\public_html\vendor\cakephp\cakephp\src\Console\Shell.php(376): call_user_func_array(Array, Array)
#12 C:\Users\David\ENIGMA\tt2.enigmait.ca\public_html\vendor\cakephp\cakephp\src\Console\ShellDispatcher.php(200): Cake\Console\Shell->runCommand(Array, true)
#13 C:\Users\David\ENIGMA\tt2.enigmait.ca\public_html\vendor\cakephp\cakephp\src\Console\ShellDispatcher.php(171): Cake\Console\ShellDispatcher->_dispatch()
#14 C:\Users\David\ENIGMA\tt2.enigmait.ca\public_html\vendor\cakephp\cakephp\src\Console\ShellDispatcher.php(122): Cake\Console\ShellDispatcher->dispatch()
#15 C:\Users\David\ENIGMA\tt2.enigmait.ca\public_html\bin\cake.php(20): Cake\Console\ShellDispatcher::run(Array)
#16 {main}


2015-03-15 06:14:22 Error: [PDOException] SQLSTATE[HY000] [1045] Access denied for user 'root'@'localhost' (using password: YES)
Stack Trace:
#0 C:\Users\David\ENIGMA\tt2.enigmait.ca\public_html\vendor\cakephp\cakephp\src\Database\Driver\PDODriverTrait.php(48): PDO->__construct('mysql:host=loca...', 'root', '1qaz2wsx', Array)
#1 C:\Users\David\ENIGMA\tt2.enigmait.ca\public_html\vendor\cakephp\cakephp\src\Database\Driver\Mysql.php(86): Cake\Database\Driver\Mysql->_connect('mysql:host=loca...', Array)
#2 C:\Users\David\ENIGMA\tt2.enigmait.ca\public_html\vendor\cakephp\cakephp\src\Database\Schema\BaseSchema.php(46): Cake\Database\Driver\Mysql->connect()
#3 C:\Users\David\ENIGMA\tt2.enigmait.ca\public_html\vendor\cakephp\cakephp\src\Database\Dialect\MysqlDialectTrait.php(62): Cake\Database\Schema\BaseSchema->__construct(Object(Cake\Database\Driver\Mysql))
#4 C:\Users\David\ENIGMA\tt2.enigmait.ca\public_html\vendor\cakephp\cakephp\src\Database\Schema\Collection.php(52): Cake\Database\Driver\Mysql->schemaDialect()
#5 C:\Users\David\ENIGMA\tt2.enigmait.ca\public_html\vendor\cakephp\cakephp\src\Database\Schema\CachedCollection.php(44): Cake\Database\Schema\Collection->__construct(Object(Cake\Database\Connection))
#6 C:\Users\David\ENIGMA\tt2.enigmait.ca\public_html\vendor\cakephp\cakephp\src\Database\Connection.php(319): Cake\Database\Schema\CachedCollection->__construct(Object(Cake\Database\Connection), true)
#7 C:\Users\David\ENIGMA\tt2.enigmait.ca\public_html\vendor\cakephp\bake\src\Shell\Task\ModelTask.php(759): Cake\Database\Connection->schemaCollection()
#8 C:\Users\David\ENIGMA\tt2.enigmait.ca\public_html\vendor\cakephp\bake\src\Shell\Task\ModelTask.php(735): Bake\Shell\Task\ModelTask->_getAllTables()
#9 C:\Users\David\ENIGMA\tt2.enigmait.ca\public_html\vendor\cakephp\bake\src\Shell\BakeShell.php(213): Bake\Shell\Task\ModelTask->listAll()
#10 [internal function]: Bake\Shell\BakeShell->all()
#11 C:\Users\David\ENIGMA\tt2.enigmait.ca\public_html\vendor\cakephp\cakephp\src\Console\Shell.php(376): call_user_func_array(Array, Array)
#12 C:\Users\David\ENIGMA\tt2.enigmait.ca\public_html\vendor\cakephp\cakephp\src\Console\ShellDispatcher.php(200): Cake\Console\Shell->runCommand(Array, true)
#13 C:\Users\David\ENIGMA\tt2.enigmait.ca\public_html\vendor\cakephp\cakephp\src\Console\ShellDispatcher.php(171): Cake\Console\ShellDispatcher->_dispatch()
#14 C:\Users\David\ENIGMA\tt2.enigmait.ca\public_html\vendor\cakephp\cakephp\src\Console\ShellDispatcher.php(122): Cake\Console\ShellDispatcher->dispatch()
#15 C:\Users\David\ENIGMA\tt2.enigmait.ca\public_html\bin\cake.php(20): Cake\Console\ShellDispatcher::run(Array)
#16 {main}


2015-03-15 06:22:57 Error: [Cake\Database\Exception] SQLSTATE[42S02]: Base table or view not found: 1146 Table 'tt2.u_users' doesn't exist
Stack Trace:
#0 C:\Users\David\ENIGMA\tt2.enigmait.ca\public_html\vendor\cakephp\cakephp\src\Database\Schema\Collection.php(96): Cake\Database\Schema\Collection->_reflect('Column', 'u_users', Array, Object(Cake\Database\Schema\Table))
#1 C:\Users\David\ENIGMA\tt2.enigmait.ca\public_html\vendor\cakephp\cakephp\src\Database\Schema\CachedCollection.php(65): Cake\Database\Schema\Collection->describe('u_users', Array)
#2 C:\Users\David\ENIGMA\tt2.enigmait.ca\public_html\vendor\cakephp\cakephp\src\ORM\Table.php(365): Cake\Database\Schema\CachedCollection->describe('u_users')
#3 C:\Users\David\ENIGMA\tt2.enigmait.ca\public_html\vendor\cakephp\cakephp\src\ORM\Table.php(441): Cake\ORM\Table->schema()
#4 C:\Users\David\ENIGMA\tt2.enigmait.ca\public_html\vendor\cakephp\bake\src\Shell\Task\ViewTask.php(455): Cake\ORM\Table->primaryKey()
#5 C:\Users\David\ENIGMA\tt2.enigmait.ca\public_html\vendor\cakephp\bake\src\Shell\Task\ViewTask.php(275): Bake\Shell\Task\ViewTask->_associations(Object(App\Model\Table\UsersTable))
#6 C:\Users\David\ENIGMA\tt2.enigmait.ca\public_html\vendor\cakephp\bake\src\Shell\Task\ViewTask.php(139): Bake\Shell\Task\ViewTask->_loadController()
#7 C:\Users\David\ENIGMA\tt2.enigmait.ca\public_html\vendor\cakephp\bake\src\Shell\BakeShell.php(229): Bake\Shell\Task\ViewTask->main('Users')
#8 [internal function]: Bake\Shell\BakeShell->all('users')
#9 C:\Users\David\ENIGMA\tt2.enigmait.ca\public_html\vendor\cakephp\cakephp\src\Console\Shell.php(376): call_user_func_array(Array, Array)
#10 C:\Users\David\ENIGMA\tt2.enigmait.ca\public_html\vendor\cakephp\cakephp\src\Console\ShellDispatcher.php(200): Cake\Console\Shell->runCommand(Array, true)
#11 C:\Users\David\ENIGMA\tt2.enigmait.ca\public_html\vendor\cakephp\cakephp\src\Console\ShellDispatcher.php(171): Cake\Console\ShellDispatcher->_dispatch()
#12 C:\Users\David\ENIGMA\tt2.enigmait.ca\public_html\vendor\cakephp\cakephp\src\Console\ShellDispatcher.php(122): Cake\Console\ShellDispatcher->dispatch()
#13 C:\Users\David\ENIGMA\tt2.enigmait.ca\public_html\bin\cake.php(20): Cake\Console\ShellDispatcher::run(Array)
#14 {main}


2015-03-15 06:28:21 Error: [Cake\Database\Exception] SQLSTATE[42S02]: Base table or view not found: 1146 Table 'tt2.u_users' doesn't exist
Stack Trace:
#0 C:\Users\David\ENIGMA\tt2.enigmait.ca\public_html\vendor\cakephp\cakephp\src\Database\Schema\Collection.php(96): Cake\Database\Schema\Collection->_reflect('Column', 'u_users', Array, Object(Cake\Database\Schema\Table))
#1 C:\Users\David\ENIGMA\tt2.enigmait.ca\public_html\vendor\cakephp\cakephp\src\Database\Schema\CachedCollection.php(65): Cake\Database\Schema\Collection->describe('u_users', Array)
#2 C:\Users\David\ENIGMA\tt2.enigmait.ca\public_html\vendor\cakephp\cakephp\src\ORM\Table.php(365): Cake\Database\Schema\CachedCollection->describe('u_users')
#3 C:\Users\David\ENIGMA\tt2.enigmait.ca\public_html\vendor\cakephp\cakephp\src\ORM\Table.php(441): Cake\ORM\Table->schema()
#4 C:\Users\David\ENIGMA\tt2.enigmait.ca\public_html\vendor\cakephp\bake\src\Shell\Task\ViewTask.php(455): Cake\ORM\Table->primaryKey()
#5 C:\Users\David\ENIGMA\tt2.enigmait.ca\public_html\vendor\cakephp\bake\src\Shell\Task\ViewTask.php(275): Bake\Shell\Task\ViewTask->_associations(Object(App\Model\Table\UsersTable))
#6 C:\Users\David\ENIGMA\tt2.enigmait.ca\public_html\vendor\cakephp\bake\src\Shell\Task\ViewTask.php(139): Bake\Shell\Task\ViewTask->_loadController()
#7 C:\Users\David\ENIGMA\tt2.enigmait.ca\public_html\vendor\cakephp\bake\src\Shell\BakeShell.php(229): Bake\Shell\Task\ViewTask->main('Users')
#8 [internal function]: Bake\Shell\BakeShell->all('users')
#9 C:\Users\David\ENIGMA\tt2.enigmait.ca\public_html\vendor\cakephp\cakephp\src\Console\Shell.php(376): call_user_func_array(Array, Array)
#10 C:\Users\David\ENIGMA\tt2.enigmait.ca\public_html\vendor\cakephp\cakephp\src\Console\ShellDispatcher.php(200): Cake\Console\Shell->runCommand(Array, true)
#11 C:\Users\David\ENIGMA\tt2.enigmait.ca\public_html\vendor\cakephp\cakephp\src\Console\ShellDispatcher.php(171): Cake\Console\ShellDispatcher->_dispatch()
#12 C:\Users\David\ENIGMA\tt2.enigmait.ca\public_html\vendor\cakephp\cakephp\src\Console\ShellDispatcher.php(122): Cake\Console\ShellDispatcher->dispatch()
#13 C:\Users\David\ENIGMA\tt2.enigmait.ca\public_html\bin\cake.php(20): Cake\Console\ShellDispatcher::run(Array)
#14 {main}


